setpos -2538.076172 -2139.719727 772.031311;setang 19.946068 90.925453 0.000000
No caption found for 'soldier.painsevere03'
No caption found for 'soldier.painsevere02'
No caption found for 'soldier.painsevere04'
Unknown command: No
Unknown command: No
Unknown command: No
No caption found for 'soldier.painsevere02'
No caption found for 'soldier.painsevere03'
No caption found for 'soldier.painsevere06'
Unknown command: No
Unknown command: No
Unknown command: No
Unknown command: Unknown
Unknown command: Unknown
Unknown command: Unknown
Unknown command: No
Unknown command: No
Unknown command: No
No caption found for 'soldier.painsevere04'
No caption found for 'soldier.painsevere05'
Unknown command: No
Unknown command: No
Unknown command: No
Unknown command: Unknown
Unknown command: Unknown
Unknown command: Unknown
Unknown command: No
Unknown command: No
Unknown command: No
Unknown command: Unknown
Unknown command: Unknown
Unknown command: Unknown
Unknown command: Unknown
Unknown command: Unknown
Unknown command: Unknown
Unknown command: Unknown
Unknown command: Unknown
Unknown command: Unknown
Unknown command: No
Unknown command: No
No caption found for 'soldier.painsevere01'
No caption found for 'soldier.painsevere03'
No caption found for 'soldier.painsevere04'
Unknown command: No
Unknown command: No
Unknown command: No
Unknown command: Unknown
Unknown command: Unknown
Unknown command: Unknown
Unknown command: No
Unknown command: No
Unknown command: No
Unknown command: Unknown
Unknown command: Unknown
Unknown command: Unknown
Unknown command: Unknown
Unknown command: Unknown
Unknown command: Unknown
Unknown command: Unknown
Unknown command: Unknown
Unknown command: Unknown
Unknown command: No
Unknown command: No
Unknown command: Unknown
Unknown command: Unknown
Unknown command: Unknown
Unknown command: Unknown
Unknown command: Unknown
Unknown command: Unknown
Unknown command: Unknown
Unknown command: Unknown
Unknown command: Unknown
Unknown command: Unknown
Unknown command: Unknown
Unknown command: Unknown
Unknown command: Unknown
Unknown command: Unknown
Unknown command: Unknown
Unknown command: Unknown
Unknown command: Unknown
Unknown command: Unknown
Unknown command: Unknown
Unknown command: Unknown
Unknown command: No
Unknown command: No
Unknown command: No
No caption found for 'soldier.painsevere01'
No caption found for 'soldier.painsevere02'
No caption found for 'soldier.painsevere05'
Unknown command: No
Unknown command: No
Unknown command: No
Unknown command: Unknown
Unknown command: Unknown
Unknown command: Unknown
Unknown command: No
Unknown command: No
Unknown command: No
Unknown command: Unknown
Unknown command: Unknown
Unknown command: Unknown
Unknown command: Unknown
Unknown command: Unknown
Unknown command: Unknown
Unknown command: Unknown
Unknown command: Unknown
Unknown command: Unknown
Unknown command: No
Unknown command: No
Unknown command: Unknown
Unknown command: Unknown
Unknown command: Unknown
Unknown command: Unknown
Unknown command: Unknown
Unknown command: Unknown
Unknown command: Unknown
Unknown command: Unknown
Unknown command: Unknown
Unknown command: Unknown
Unknown command: Unknown
Unknown command: Unknown
Unknown command: Unknown
Unknown command: Unknown
Unknown command: Unknown
Unknown command: Unknown
Unknown command: Unknown
Unknown command: Unknown
Unknown command: Unknown
Unknown command: Unknown
Unknown command: No
Unknown command: No
Unknown command: No
Unknown command: Unknown
Unknown command: Unknown
Unknown command: Unknown
Unknown command: Unknown
Unknown command: Unknown
Unknown command: Unknown
Unknown command: Unknown
Unknown command: Unknown
Unknown command: Unknown
Unknown command: Unknown
Unknown command: Unknown
Unknown command: Unknown
Unknown command: Unknown
Unknown command: Unknown
Unknown command: Unknown
Unknown command: Unknown
Unknown command: Unknown
Unknown command: Unknown
Unknown command: Unknown
Unknown command: Unknown
Unknown command: Unknown
Unknown command: Unknown
Unknown command: Unknown
Unknown command: Unknown
Unknown command: Unknown
Unknown command: Unknown
Unknown command: Unknown
Unknown command: Unknown
Unknown command: Unknown
Unknown command: Unknown
Unknown command: Unknown
Unknown command: Unknown
Unknown command: Unknown
Unknown command: Unknown
Unknown command: Unknown
Unknown command: Unknown
Unknown command: Unknown
Unknown command: Unknown
Unknown command: Unknown
Unknown command: Unknown
Unknown command: Unknown
Unknown command: Unknown
Unknown command: Unknown
Unknown command: No
Unknown command: No
Unknown command: No
No caption found for 'soldier.painsevere06'
No caption found for 'soldier.painsevere02'
No caption found for 'soldier.painsevere01'
loopback:send reliable stream overflow
loopback:send reliable stream overflow
loopback:send reliable stream overflow
loopback:send reliable stream overflow
loopback:send reliable stream overflow
loopback:send reliable stream overflow
loopback:send reliable stream overflow
loopback:send reliable stream overflow
loopback:send reliable stream overflow
loopback:send reliable stream overflow
loopback:send reliable stream overflow
loopback:send reliable stream overflow
loopback:send reliable stream overflow
loopback:send reliable stream overflow
loopback:send reliable stream overflow
loopback:send reliable stream overflow
loopback:send reliable stream overflow
loopback:send reliable stream overflow
loopback:send reliable stream overflow
loopback:send reliable stream overflow
loopback:send reliable stream overflow
loopback:send reliable stream overflow
loopback:send reliable stream overflow
loopback:send reliable stream overflow
loopback:send reliable stream overflow
loopback:send reliable stream overflow
loopback:send reliable stream overflow
loopback:send reliable stream overflow
loopback:send reliable stream overflow
loopback:send reliable stream overflow
loopback:send reliable stream overflow
loopback:send reliable stream overflow
loopback:send reliable stream overflow
loopback:send reliable stream overflow
loopback:send reliable stream overflow
loopback:send reliable stream overflow
loopback:send reliable stream overflow
loopback:send reliable stream overflow
loopback:send reliable stream overflow
loopback:send reliable stream overflow
loopback:send reliable stream overflow
loopback:send reliable stream overflow
loopback:send reliable stream overflow
loopback:send reliable stream overflow
loopback:send reliable stream overflow
loopback:send reliable stream overflow
loopback:send reliable stream overflow
loopback:send reliable stream overflow
loopback:send reliable stream overflow
loopback:send reliable stream overflow
loopback:send reliable stream overflow
loopback:send reliable stream overflow
loopback:send reliable stream overflow
loopback:send reliable stream overflow
loopback:send reliable stream overflow
loopback:send reliable stream overflow
loopback:send reliable stream overflow
loopback:send reliable stream overflow
loopback:send reliable stream overflow
loopback:send reliable stream overflow
loopback:send reliable stream overflow
loopback:send reliable stream overflow
loopback:send reliable stream overflow
loopback:send reliable stream overflow
loopback:send reliable stream overflow
loopback:send reliable stream overflow
loopback:send reliable stream overflow
loopback:send reliable stream overflow
loopback:send reliable stream overflow
loopback:send reliable stream overflow
loopback:send reliable stream overflow
loopback:send reliable stream overflow
loopback:send reliable stream overflow
loopback:send reliable stream overflow
loopback:send reliable stream overflow
loopback:send reliable stream overflow
loopback:send reliable stream overflow
loopback:send reliable stream overflow
loopback:send reliable stream overflow
loopback:send reliable stream overflow
loopback:send reliable stream overflow
loopback:send reliable stream overflow
loopback:send reliable stream overflow
loopback:send reliable stream overflow
loopback:send reliable stream overflow
loopback:send reliable stream overflow
loopback:send reliable stream overflow
loopback:send reliable stream overflow
loopback:send reliable stream overflow
loopback:send reliable stream overflow
loopback:send reliable stream overflow
loopback:send reliable stream overflow
loopback:send reliable stream overflow
loopback:send reliable stream overflow
loopback:send reliable stream overflow
loopback:send reliable stream overflow
loopback:send reliable stream overflow
loopback:send reliable stream overflow
loopback:send reliable stream overflow
loopback:send reliable stream overflow
loopback:send reliable stream overflow
loopback:send reliable stream overflow
loopback:send reliable stream overflow
loopback:send reliable stream overflow
loopback:send reliable stream overflow
loopback:send reliable stream overflow
loopback:send reliable stream overflow
loopback:send reliable stream overflow
loopback:send reliable stream overflow
loopback:send reliable stream overflow
loopback:send reliable stream overflow
loopback:send reliable stream overflow
loopback:send reliable stream overflow
loopback:send reliable stream overflow
loopback:send reliable stream overflow
loopback:send reliable stream overflow
loopback:send reliable stream overflow
loopback:send reliable stream overflow
loopback:send reliable stream overflow
loopback:send reliable stream overflow
loopback:send reliable stream overflow
loopback:send reliable stream overflow
loopback:send reliable stream overflow
loopback:send reliable stream overflow
loopback:send reliable stream overflow
loopback:send reliable stream overflow
loopback:send reliable stream overflow
loopback:send reliable stream overflow
loopback:send reliable stream overflow
loopback:send reliable stream overflow
loopback:send reliable stream overflow
loopback:send reliable stream overflow
loopback:send reliable stream overflow
loopback:send reliable stream overflow
loopback:send reliable stream overflow
loopback:send reliable stream overflow
loopback:send reliable stream overflow
loopback:send reliable stream overflow
loopback:send reliable stream overflow
loopback:send reliable stream overflow
loopback:send reliable stream overflow
loopback:send reliable stream overflow
loopback:send reliable stream overflow
loopback:send reliable stream overflow
loopback:send reliable stream overflow
loopback:send reliable stream overflow
loopback:send reliable stream overflow
loopback:send reliable stream overflow
loopback:send reliable stream overflow
loopback:send reliable stream overflow
loopback:send reliable stream overflow
loopback:send reliable stream overflow
loopback:send reliable stream overflow
loopback:send reliable stream overflow
loopback:send reliable stream overflow
loopback:send reliable stream overflow
loopback:send reliable stream overflow
loopback:send reliable stream overflow
loopback:send reliable stream overflow
loopback:send reliable stream overflow
loopback:send reliable stream overflow
loopback:send reliable stream overflow
loopback:send reliable stream overflow
loopback:send reliable stream overflow
loopback:send reliable stream overflow
loopback:send reliable stream overflow
loopback:send reliable stream overflow
loopback:send reliable stream overflow
loopback:send reliable stream overflow
loopback:send reliable stream overflow
loopback:send reliable stream overflow
loopback:send reliable stream overflow
loopback:send reliable stream overflow
loopback:send reliable stream overflow
loopback:send reliable stream overflow
loopback:send reliable stream overflow
loopback:send reliable stream overflow
loopback:send reliable stream overflow
loopback:send reliable stream overflow
loopback:send reliable stream overflow
loopback:send reliable stream overflow
loopback:send reliable stream overflow
loopback:send reliable stream overflow
loopback:send reliable stream overflow
loopback:send reliable stream overflow
loopback:send reliable stream overflow
loopback:send reliable stream overflow
loopback:send reliable stream overflow
loopback:send reliable stream overflow
loopback:send reliable stream overflow
loopback:send reliable stream overflow
loopback:send reliable stream overflow
loopback:send reliable stream overflow
loopback:send reliable stream overflow
loopback:send reliable stream overflow
loopback:send reliable stream overflow
loopback:send reliable stream overflow
loopback:send reliable stream overflow
loopback:send reliable stream overflow
loopback:send reliable stream overflow
loopback:send reliable stream overflow
loopback:send reliable stream overflow
loopback:send reliable stream overflow
loopback:send reliable stream overflow
loopback:send reliable stream overflow
loopback:send reliable stream overflow
loopback:send reliable stream overflow
loopback:send reliable stream overflow
loopback:send reliable stream overflow
loopback:send reliable stream overflow
loopback:send reliable stream overflow
loopback:send reliable stream overflow
loopback:send reliable stream overflow
loopback:send reliable stream overflow
loopback:send reliable stream overflow
loopback:send reliable stream overflow
loopback:send reliable stream overflow
loopback:send reliable stream overflow
loopback:send reliable stream overflow
loopback:send reliable stream overflow
loopback:send reliable stream overflow
loopback:send reliable stream overflow
loopback:send reliable stream overflow
loopback:send reliable stream overflow
loopback:send reliable stream overflow
loopback:send reliable stream overflow
loopback:send reliable stream overflow
loopback:send reliable stream overflow
loopback:send reliable stream overflow
loopback:send reliable stream overflow
loopback:send reliable stream overflow
loopback:send reliable stream overflow
loopback:send reliable stream overflow
loopback:send reliable stream overflow
loopback:send reliable stream overflow
loopback:send reliable stream overflow
loopback:send reliable stream overflow
loopback:send reliable stream overflow
loopback:send reliable stream overflow
loopback:send reliable stream overflow
loopback:send reliable stream overflow
loopback:send reliable stream overflow
loopback:send reliable stream overflow
loopback:send reliable stream overflow
loopback:send reliable stream overflow
loopback:send reliable stream overflow
loopback:send reliable stream overflow
loopback:send reliable stream overflow
loopback:send reliable stream overflow
loopback:send reliable stream overflow
loopback:send reliable stream overflow
loopback:send reliable stream overflow
loopback:send reliable stream overflow
loopback:send reliable stream overflow
loopback:send reliable stream overflow
loopback:send reliable stream overflow
loopback:send reliable stream overflow
loopback:send reliable stream overflow
loopback:send reliable stream overflow
loopback:send reliable stream overflow
loopback:send reliable stream overflow
loopback:send reliable stream overflow
loopback:send reliable stream overflow
loopback:send reliable stream overflow
loopback:send reliable stream overflow
loopback:send reliable stream overflow
loopback:send reliable stream overflow
loopback:send reliable stream overflow
loopback:send reliable stream overflow
loopback:send reliable stream overflow
loopback:send reliable stream overflow
loopback:send reliable stream overflow
loopback:send reliable stream overflow
loopback:send reliable stream overflow
loopback:send reliable stream overflow
loopback:send reliable stream overflow
loopback:send reliable stream overflow
loopback:send reliable stream overflow
loopback:send reliable stream overflow
loopback:send reliable stream overflow
loopback:send reliable stream overflow
loopback:send reliable stream overflow
loopback:send reliable stream overflow
loopback:send reliable stream overflow
loopback:send reliable stream overflow
loopback:send reliable stream overflow
loopback:send reliable stream overflow
loopback:send reliable stream overflow
loopback:send reliable stream overflow
loopback:send reliable stream overflow
loopback:send reliable stream overflow
loopback:send reliable stream overflow
loopback:send reliable stream overflow
loopback:send reliable stream overflow
loopback:send reliable stream overflow
loopback:send reliable stream overflow
loopback:send reliable stream overflow
loopback:send reliable stream overflow
loopback:send reliable stream overflow
loopback:send reliable stream overflow
loopback:send reliable stream overflow
loopback:send reliable stream overflow
loopback:send reliable stream overflow
loopback:send reliable stream overflow
loopback:send reliable stream overflow
loopback:send reliable stream overflow
loopback:send reliable stream overflow
loopback:send reliable stream overflow
loopback:send reliable stream overflow
loopback:send reliable stream overflow
loopback:send reliable stream overflow
loopback:send reliable stream overflow
loopback:send reliable stream overflow
loopback:send reliable stream overflow
loopback:send reliable stream overflow
loopback:send reliable stream overflow
loopback:send reliable stream overflow
loopback:send reliable stream overflow
loopback:send reliable stream overflow
loopback:send reliable stream overflow
loopback:send reliable stream overflow
loopback:send reliable stream overflow
loopback:send reliable stream overflow
loopback:send reliable stream overflow
loopback:send reliable stream overflow
loopback:send reliable stream overflow
loopback:send reliable stream overflow
loopback:send reliable stream overflow
loopback:send reliable stream overflow
loopback:send reliable stream overflow
loopback:send reliable stream overflow
loopback:send reliable stream overflow
loopback:send reliable stream overflow
loopback:send reliable stream overflow
loopback:send reliable stream overflow
loopback:send reliable stream overflow
loopback:send reliable stream overflow
loopback:send reliable stream overflow
loopback:send reliable stream overflow
loopback:send reliable stream overflow
loopback:send reliable stream overflow
loopback:send reliable stream overflow
loopback:send reliable stream overflow
loopback:send reliable stream overflow
loopback:send reliable stream overflow
loopback:send reliable stream overflow
loopback:send reliable stream overflow
loopback:send reliable stream overflow
loopback:send reliable stream overflow
loopback:send reliable stream overflow
loopback:send reliable stream overflow
loopback:send reliable stream overflow
loopback:send reliable stream overflow
loopback:send reliable stream overflow
loopback:send reliable stream overflow
loopback:send reliable stream overflow
loopback:send reliable stream overflow
loopback:send reliable stream overflow
loopback:send reliable stream overflow
loopback:send reliable stream overflow
loopback:send reliable stream overflow
loopback:send reliable stream overflow
loopback:send reliable stream overflow
loopback:send reliable stream overflow
loopback:send reliable stream overflow
loopback:send reliable stream overflow
loopback:send reliable stream overflow
loopback:send reliable stream overflow
loopback:send reliable stream overflow
loopback:send reliable stream overflow
loopback:send reliable stream overflow
loopback:send reliable stream overflow
loopback:send reliable stream overflow
loopback:send reliable stream overflow
loopback:send reliable stream overflow
loopback:send reliable stream overflow
loopback:send reliable stream overflow
loopback:send reliable stream overflow
loopback:send reliable stream overflow
loopback:send reliable stream overflow
loopback:send reliable stream overflow
loopback:send reliable stream overflow
loopback:send reliable stream overflow
loopback:send reliable stream overflow
loopback:send reliable stream overflow
loopback:send reliable stream overflow
loopback:send reliable stream overflow
loopback:send reliable stream overflow
loopback:send reliable stream overflow
loopback:send reliable stream overflow
loopback:send reliable stream overflow
loopback:send reliable stream overflow
loopback:send reliable stream overflow
loopback:send reliable stream overflow
loopback:send reliable stream overflow
loopback:send reliable stream overflow
loopback:send reliable stream overflow
loopback:send reliable stream overflow
loopback:send reliable stream overflow
loopback:send reliable stream overflow
loopback:send reliable stream overflow
loopback:send reliable stream overflow
loopback:send reliable stream overflow
loopback:send reliable stream overflow
loopback:send reliable stream overflow
loopback:send reliable stream overflow
loopback:send reliable stream overflow
loopback:send reliable stream overflow
loopback:send reliable stream overflow
loopback:send reliable stream overflow
loopback:send reliable stream overflow
loopback:send reliable stream overflow
loopback:send reliable stream overflow
loopback:send reliable stream overflow
loopback:send reliable stream overflow
loopback:send reliable stream overflow
loopback:send reliable stream overflow
loopback:send reliable stream overflow
loopback:send reliable stream overflow
loopback:send reliable stream overflow
loopback:send reliable stream overflow
loopback:send reliable stream overflow
loopback:send reliable stream overflow
loopback:send reliable stream overflow
loopback:send reliable stream overflow
loopback:send reliable stream overflow
loopback:send reliable stream overflow
loopback:send reliable stream overflow
loopback:send reliable stream overflow
loopback:send reliable stream overflow
loopback:send reliable stream overflow
loopback:send reliable stream overflow
loopback:send reliable stream overflow
loopback:send reliable stream overflow
loopback:send reliable stream overflow
loopback:send reliable stream overflow
loopback:send reliable stream overflow
loopback:send reliable stream overflow
loopback:send reliable stream overflow
loopback:send reliable stream overflow
loopback:send reliable stream overflow
loopback:send reliable stream overflow
loopback:send reliable stream overflow
loopback:send reliable stream overflow
loopback:send reliable stream overflow
loopback:send reliable stream overflow
loopback:send reliable stream overflow
loopback:send reliable stream overflow
loopback:send reliable stream overflow
loopback:send reliable stream overflow
loopback:send reliable stream overflow
loopback:send reliable stream overflow
loopback:send reliable stream overflow
loopback:send reliable stream overflow
loopback:send reliable stream overflow
loopback:send reliable stream overflow
loopback:send reliable stream overflow
loopback:send reliable stream overflow
loopback:send reliable stream overflow
loopback:send reliable stream overflow
loopback:send reliable stream overflow
loopback:send reliable stream overflow
loopback:send reliable stream overflow
loopback:send reliable stream overflow
loopback:send reliable stream overflow
loopback:send reliable stream overflow
loopback:send reliable stream overflow
loopback:send reliable stream overflow
loopback:send reliable stream overflow
loopback:send reliable stream overflow
loopback:send reliable stream overflow
loopback:send reliable stream overflow
loopback:send reliable stream overflow
loopback:send reliable stream overflow
loopback:send reliable stream overflow
loopback:send reliable stream overflow
loopback:send reliable stream overflow
loopback:send reliable stream overflow
loopback:send reliable stream overflow
loopback:send reliable stream overflow
loopback:send reliable stream overflow
loopback:send reliable stream overflow
loopback:send reliable stream overflow
loopback:send reliable stream overflow
loopback:send reliable stream overflow
loopback:send reliable stream overflow
loopback:send reliable stream overflow
loopback:send reliable stream overflow
loopback:send reliable stream overflow
loopback:send reliable stream overflow
loopback:send reliable stream overflow
loopback:send reliable stream overflow
loopback:send reliable stream overflow
loopback:send reliable stream overflow
loopback:send reliable stream overflow
loopback:send reliable stream overflow
loopback:send reliable stream overflow
loopback:send reliable stream overflow
loopback:send reliable stream overflow
loopback:send reliable stream overflow
loopback:send reliable stream overflow
loopback:send reliable stream overflow
loopback:send reliable stream overflow
loopback:send reliable stream overflow
loopback:send reliable stream overflow
loopback:send reliable stream overflow
loopback:send reliable stream overflow
loopback:send reliable stream overflow
loopback:send reliable stream overflow
loopback:send reliable stream overflow
loopback:send reliable stream overflow
loopback:send reliable stream overflow
loopback:send reliable stream overflow
loopback:send reliable stream overflow
loopback:send reliable stream overflow
loopback:send reliable stream overflow
loopback:send reliable stream overflow
loopback:send reliable stream overflow
loopback:send reliable stream overflow
loopback:send reliable stream overflow
loopback:send reliable stream overflow
loopback:send reliable stream overflow
loopback:send reliable stream overflow
loopback:send reliable stream overflow
loopback:send reliable stream overflow
loopback:send reliable stream overflow
loopback:send reliable stream overflow
loopback:send reliable stream overflow
loopback:send reliable stream overflow
loopback:send reliable stream overflow
loopback:send reliable stream overflow
loopback:send reliable stream overflow
loopback:send reliable stream overflow
loopback:send reliable stream overflow
loopback:send reliable stream overflow
loopback:send reliable stream overflow
loopback:send reliable stream overflow
loopback:send reliable stream overflow
loopback:send reliable stream overflow
loopback:send reliable stream overflow
loopback:send reliable stream overflow
loopback:send reliable stream overflow
loopback:send reliable stream overflow
loopback:send reliable stream overflow
loopback:send reliable stream overflow
loopback:send reliable stream overflow
loopback:send reliable stream overflow
loopback:send reliable stream overflow
loopback:send reliable stream overflow
loopback:send reliable stream overflow
loopback:send reliable stream overflow
loopback:send reliable stream overflow
loopback:send reliable stream overflow
loopback:send reliable stream overflow
loopback:send reliable stream overflow
loopback:send reliable stream overflow
loopback:send reliable stream overflow
loopback:send reliable stream overflow
loopback:send reliable stream overflow
loopback:send reliable stream overflow
loopback:send reliable stream overflow
loopback:send reliable stream overflow
loopback:send reliable stream overflow
loopback:send reliable stream overflow
loopback:send reliable stream overflow
loopback:send reliable stream overflow
loopback:send reliable stream overflow
loopback:send reliable stream overflow
loopback:send reliable stream overflow
loopback:send reliable stream overflow
loopback:send reliable stream overflow
loopback:send reliable stream overflow
loopback:send reliable stream overflow
loopback:send reliable stream overflow
loopback:send reliable stream overflow
loopback:send reliable stream overflow
loopback:send reliable stream overflow
loopback:send reliable stream overflow
loopback:send reliable stream overflow
loopback:send reliable stream overflow
loopback:send reliable stream overflow
loopback:send reliable stream overflow
loopback:send reliable stream overflow
loopback:send reliable stream overflow
loopback:send reliable stream overflow
loopback:send reliable stream overflow
loopback:send reliable stream overflow
loopback:send reliable stream overflow
loopback:send reliable stream overflow
loopback:send reliable stream overflow
loopback:send reliable stream overflow
loopback:send reliable stream overflow
loopback:send reliable stream overflow
loopback:send reliable stream overflow
loopback:send reliable stream overflow
loopback:send reliable stream overflow
loopback:send reliable stream overflow
loopback:send reliable stream overflow
loopback:send reliable stream overflow
loopback:send reliable stream overflow
loopback:send reliable stream overflow
loopback:send reliable stream overflow
loopback:send reliable stream overflow
loopback:send reliable stream overflow
loopback:send reliable stream overflow
loopback:send reliable stream overflow
loopback:send reliable stream overflow
loopback:send reliable stream overflow
loopback:send reliable stream overflow
loopback:send reliable stream overflow
loopback:send reliable stream overflow
loopback:send reliable stream overflow
loopback:send reliable stream overflow
loopback:send reliable stream overflow
loopback:send reliable stream overflow
loopback:send reliable stream overflow
loopback:send reliable stream overflow
loopback:send reliable stream overflow
loopback:send reliable stream overflow
loopback:send reliable stream overflow
loopback:send reliable stream overflow
loopback:send reliable stream overflow
loopback:send reliable stream overflow
loopback:send reliable stream overflow
loopback:send reliable stream overflow
loopback:send reliable stream overflow
loopback:send reliable stream overflow
loopback:send reliable stream overflow
loopback:send reliable stream overflow
loopback:send reliable stream overflow
loopback:send reliable stream overflow
loopback:send reliable stream overflow
loopback:send reliable stream overflow
loopback:send reliable stream overflow
loopback:send reliable stream overflow
loopback:send reliable stream overflow
loopback:send reliable stream overflow
loopback:send reliable stream overflow
loopback:send reliable stream overflow
loopback:send reliable stream overflow
loopback:send reliable stream overflow
loopback:send reliable stream overflow
loopback:send reliable stream overflow
loopback:send reliable stream overflow
loopback:send reliable stream overflow
loopback:send reliable stream overflow
loopback:send reliable stream overflow
loopback:send reliable stream overflow
loopback:send reliable stream overflow
loopback:send reliable stream overflow
loopback:send reliable stream overflow
loopback:send reliable stream overflow
loopback:send reliable stream overflow
loopback:send reliable stream overflow
loopback:send reliable stream overflow
loopback:send reliable stream overflow
loopback:send reliable stream overflow
loopback:send reliable stream overflow
loopback:send reliable stream overflow
loopback:send reliable stream overflow
loopback:send reliable stream overflow
loopback:send reliable stream overflow
loopback:send reliable stream overflow
loopback:send reliable stream overflow
loopback:send reliable stream overflow
loopback:send reliable stream overflow
loopback:send reliable stream overflow
loopback:send reliable stream overflow
loopback:send reliable stream overflow
loopback:send reliable stream overflow
loopback:send reliable stream overflow
loopback:send reliable stream overflow
loopback:send reliable stream overflow
loopback:send reliable stream overflow
loopback:send reliable stream overflow
loopback:send reliable stream overflow
loopback:send reliable stream overflow
loopback:send reliable stream overflow
loopback:send reliable stream overflow
loopback:send reliable stream overflow
loopback:send reliable stream overflow
loopback:send reliable stream overflow
loopback:send reliable stream overflow
loopback:send reliable stream overflow
loopback:send reliable stream overflow
loopback:send reliable stream overflow
loopback:send reliable stream overflow
loopback:send reliable stream overflow
loopback:send reliable stream overflow
loopback:send reliable stream overflow
loopback:send reliable stream overflow
loopback:send reliable stream overflow
loopback:send reliable stream overflow
loopback:send reliable stream overflow
loopback:send reliable stream overflow
loopback:send reliable stream overflow
loopback:send reliable stream overflow
loopback:send reliable stream overflow
loopback:send reliable stream overflow
loopback:send reliable stream overflow
loopback:send reliable stream overflow
loopback:send reliable stream overflow
loopback:send reliable stream overflow
loopback:send reliable stream overflow
loopback:send reliable stream overflow
loopback:send reliable stream overflow
loopback:send reliable stream overflow
loopback:send reliable stream overflow
loopback:send reliable stream overflow
loopback:send reliable stream overflow
loopback:send reliable stream overflow
loopback:send reliable stream overflow
loopback:send reliable stream overflow
loopback:send reliable stream overflow
loopback:send reliable stream overflow
loopback:send reliable stream overflow
loopback:send reliable stream overflow
loopback:send reliable stream overflow
loopback:send reliable stream overflow
loopback:send reliable stream overflow
loopback:send reliable stream overflow
loopback:send reliable stream overflow
loopback:send reliable stream overflow
loopback:send reliable stream overflow
loopback:send reliable stream overflow
loopback:send reliable stream overflow
loopback:send reliable stream overflow
loopback:send reliable stream overflow
loopback:send reliable stream overflow
loopback:send reliable stream overflow
loopback:send reliable stream overflow
loopback:send reliable stream overflow
loopback:send reliable stream overflow
loopback:send reliable stream overflow
loopback:send reliable stream overflow
loopback:send reliable stream overflow
loopback:send reliable stream overflow
loopback:send reliable stream overflow
loopback:send reliable stream overflow
loopback:send reliable stream overflow
loopback:send reliable stream overflow
loopback:send reliable stream overflow
loopback:send reliable stream overflow
loopback:send reliable stream overflow
loopback:send reliable stream overflow
loopback:send reliable stream overflow
loopback:send reliable stream overflow
loopback:send reliable stream overflow
loopback:send reliable stream overflow
loopback:send reliable stream overflow
loopback:send reliable stream overflow
loopback:send reliable stream overflow
loopback:send reliable stream overflow
loopback:send reliable stream overflow
loopback:send reliable stream overflow
loopback:send reliable stream overflow
loopback:send reliable stream overflow
loopback:send reliable stream overflow
loopback:send reliable stream overflow
loopback:send reliable stream overflow
loopback:send reliable stream overflow
loopback:send reliable stream overflow
loopback:send reliable stream overflow
loopback:send reliable stream overflow
loopback:send reliable stream overflow
loopback:send reliable stream overflow
loopback:send reliable stream overflow
loopback:send reliable stream overflow
loopback:send reliable stream overflow
loopback:send reliable stream overflow
loopback:send reliable stream overflow
loopback:send reliable stream overflow
loopback:send reliable stream overflow
loopback:send reliable stream overflow
loopback:send reliable stream overflow
loopback:send reliable stream overflow
loopback:send reliable stream overflow
loopback:send reliable stream overflow
loopback:send reliable stream overflow
loopback:send reliable stream overflow
loopback:send reliable stream overflow
loopback:send reliable stream overflow
loopback:send reliable stream overflow
loopback:send reliable stream overflow
loopback:send reliable stream overflow
loopback:send reliable stream overflow
loopback:send reliable stream overflow
loopback:send reliable stream overflow
loopback:send reliable stream overflow
loopback:send reliable stream overflow
loopback:send reliable stream overflow
loopback:send reliable stream overflow
loopback:send reliable stream overflow
loopback:send reliable stream overflow
loopback:send reliable stream overflow
loopback:send reliable stream overflow
loopback:send reliable stream overflow
loopback:send reliable stream overflow
loopback:send reliable stream overflow
loopback:send reliable stream overflow
loopback:send reliable stream overflow
loopback:send reliable stream overflow
loopback:send reliable stream overflow
loopback:send reliable stream overflow
loopback:send reliable stream overflow
loopback:send reliable stream overflow
loopback:send reliable stream overflow
loopback:send reliable stream overflow
loopback:send reliable stream overflow
loopback:send reliable stream overflow
loopback:send reliable stream overflow
loopback:send reliable stream overflow
loopback:send reliable stream overflow
loopback:send reliable stream overflow
loopback:send reliable stream overflow
loopback:send reliable stream overflow
loopback:send reliable stream overflow
loopback:send reliable stream overflow
loopback:send reliable stream overflow
loopback:send reliable stream overflow
loopback:send reliable stream overflow
loopback:send reliable stream overflow
loopback:send reliable stream overflow
loopback:send reliable stream overflow
loopback:send reliable stream overflow
loopback:send reliable stream overflow
loopback:send reliable stream overflow
loopback:send reliable stream overflow
loopback:send reliable stream overflow
loopback:send reliable stream overflow
loopback:send reliable stream overflow
loopback:send reliable stream overflow
loopback:send reliable stream overflow
loopback:send reliable stream overflow
loopback:send reliable stream overflow
loopback:send reliable stream overflow
loopback:send reliable stream overflow
loopback:send reliable stream overflow
loopback:send reliable stream overflow
loopback:send reliable stream overflow
loopback:send reliable stream overflow
loopback:send reliable stream overflow
loopback:send reliable stream overflow
loopback:send reliable stream overflow
loopback:send reliable stream overflow
loopback:send reliable stream overflow
loopback:send reliable stream overflow
loopback:send reliable stream overflow
loopback:send reliable stream overflow
loopback:send reliable stream overflow
loopback:send reliable stream overflow
loopback:send reliable stream overflow
loopback:send reliable stream overflow
loopback:send reliable stream overflow
loopback:send reliable stream overflow
loopback:send reliable stream overflow
loopback:send reliable stream overflow
loopback:send reliable stream overflow
loopback:send reliable stream overflow
loopback:send reliable stream overflow
loopback:send reliable stream overflow
loopback:send reliable stream overflow
loopback:send reliable stream overflow
loopback:send reliable stream overflow
loopback:send reliable stream overflow
loopback:send reliable stream overflow
loopback:send reliable stream overflow
loopback:send reliable stream overflow
loopback:send reliable stream overflow
loopback:send reliable stream overflow
loopback:send reliable stream overflow
loopback:send reliable stream overflow
loopback:send reliable stream overflow
loopback:send reliable stream overflow
loopback:send reliable stream overflow
loopback:send reliable stream overflow
loopback:send reliable stream overflow
loopback:send reliable stream overflow
loopback:send reliable stream overflow
loopback:send reliable stream overflow
loopback:send reliable stream overflow
loopback:send reliable stream overflow
loopback:send reliable stream overflow
loopback:send reliable stream overflow
loopback:send reliable stream overflow
loopback:send reliable stream overflow
loopback:send reliable stream overflow
loopback:send reliable stream overflow
loopback:send reliable stream overflow
loopback:send reliable stream overflow
loopback:send reliable stream overflow
loopback:send reliable stream overflow
loopback:send reliable stream overflow
loopback:send reliable stream overflow
loopback:send reliable stream overflow
loopback:send reliable stream overflow
loopback:send reliable stream overflow
loopback:send reliable stream overflow
loopback:send reliable stream overflow
loopback:send reliable stream overflow
loopback:send reliable stream overflow
loopback:send reliable stream overflow
loopback:send reliable stream overflow
loopback:send reliable stream overflow
loopback:send reliable stream overflow
loopback:send reliable stream overflow
loopback:send reliable stream overflow
loopback:send reliable stream overflow
loopback:send reliable stream overflow
loopback:send reliable stream overflow
loopback:send reliable stream overflow
loopback:send reliable stream overflow
loopback:send reliable stream overflow
loopback:send reliable stream overflow
loopback:send reliable stream overflow
loopback:send reliable stream overflow
loopback:send reliable stream overflow
loopback:send reliable stream overflow
loopback:send reliable stream overflow
loopback:send reliable stream overflow
loopback:send reliable stream overflow
loopback:send reliable stream overflow
loopback:send reliable stream overflow
loopback:send reliable stream overflow
loopback:send reliable stream overflow
loopback:send reliable stream overflow
loopback:send reliable stream overflow
loopback:send reliable stream overflow
loopback:send reliable stream overflow
loopback:send reliable stream overflow
loopback:send reliable stream overflow
loopback:send reliable stream overflow
loopback:send reliable stream overflow
loopback:send reliable stream overflow
loopback:send reliable stream overflow
loopback:send reliable stream overflow
loopback:send reliable stream overflow
loopback:send reliable stream overflow
loopback:send reliable stream overflow
loopback:send reliable stream overflow
loopback:send reliable stream overflow
loopback:send reliable stream overflow
loopback:send reliable stream overflow
loopback:send reliable stream overflow
loopback:send reliable stream overflow
loopback:send reliable stream overflow
loopback:send reliable stream overflow
loopback:send reliable stream overflow
loopback:send reliable stream overflow
loopback:send reliable stream overflow
loopback:send reliable stream overflow
loopback:send reliable stream overflow
loopback:send reliable stream overflow
loopback:send reliable stream overflow
loopback:send reliable stream overflow
loopback:send reliable stream overflow
loopback:send reliable stream overflow
loopback:send reliable stream overflow
loopback:send reliable stream overflow
loopback:send reliable stream overflow
loopback:send reliable stream overflow
loopback:send reliable stream overflow
loopback:send reliable stream overflow
loopback:send reliable stream overflow
loopback:send reliable stream overflow
loopback:send reliable stream overflow
loopback:send reliable stream overflow
loopback:send reliable stream overflow
loopback:send reliable stream overflow
loopback:send reliable stream overflow
loopback:send reliable stream overflow
loopback:send reliable stream overflow
loopback:send reliable stream overflow
loopback:send reliable stream overflow
loopback:send reliable stream overflow
loopback:send reliable stream overflow
loopback:send reliable stream overflow
loopback:send reliable stream overflow
loopback:send reliable stream overflow
loopback:send reliable stream overflow
loopback:send reliable stream overflow
loopback:send reliable stream overflow
loopback:send reliable stream overflow
loopback:send reliable stream overflow
loopback:send reliable stream overflow
loopback:send reliable stream overflow
loopback:send reliable stream overflow
loopback:send reliable stream overflow
loopback:send reliable stream overflow
loopback:send reliable stream overflow
loopback:send reliable stream overflow
loopback:send reliable stream overflow
loopback:send reliable stream overflow
loopback:send reliable stream overflow
loopback:send reliable stream overflow
loopback:send reliable stream overflow
loopback:send reliable stream overflow
loopback:send reliable stream overflow
loopback:send reliable stream overflow
loopback:send reliable stream overflow
loopback:send reliable stream overflow
loopback:send reliable stream overflow
loopback:send reliable stream overflow
loopback:send reliable stream overflow
loopback:send reliable stream overflow
loopback:send reliable stream overflow
loopback:send reliable stream overflow
loopback:send reliable stream overflow
loopback:send reliable stream overflow
loopback:send reliable stream overflow
loopback:send reliable stream overflow
loopback:send reliable stream overflow
loopback:send reliable stream overflow
loopback:send reliable stream overflow
loopback:send reliable stream overflow
loopback:send reliable stream overflow
loopback:send reliable stream overflow
loopback:send reliable stream overflow
loopback:send reliable stream overflow
loopback:send reliable stream overflow
loopback:send reliable stream overflow
loopback:send reliable stream overflow
loopback:send reliable stream overflow
loopback:send reliable stream overflow
loopback:send reliable stream overflow
loopback:send reliable stream overflow
loopback:send reliable stream overflow
loopback:send reliable stream overflow
loopback:send reliable stream overflow
loopback:send reliable stream overflow
loopback:send reliable stream overflow
loopback:send reliable stream overflow
loopback:send reliable stream overflow
loopback:send reliable stream overflow
loopback:send reliable stream overflow
loopback:send reliable stream overflow
loopback:send reliable stream overflow
loopback:send reliable stream overflow
loopback:send reliable stream overflow
loopback:send reliable stream overflow
loopback:send reliable stream overflow
loopback:send reliable stream overflow
loopback:send reliable stream overflow
loopback:send reliable stream overflow
loopback:send reliable stream overflow
loopback:send reliable stream overflow
loopback:send reliable stream overflow
loopback:send reliable stream overflow
loopback:send reliable stream overflow
loopback:send reliable stream overflow
loopback:send reliable stream overflow
loopback:send reliable stream overflow
loopback:send reliable stream overflow
loopback:send reliable stream overflow
loopback:send reliable stream overflow
loopback:send reliable stream overflow
loopback:send reliable stream overflow
loopback:send reliable stream overflow
loopback:send reliable stream overflow
loopback:send reliable stream overflow
loopback:send reliable stream overflow
loopback:send reliable stream overflow
loopback:send reliable stream overflow
loopback:send reliable stream overflow
loopback:send reliable stream overflow
loopback:send reliable stream overflow
loopback:send reliable stream overflow
loopback:send reliable stream overflow
loopback:send reliable stream overflow
loopback:send reliable stream overflow
loopback:send reliable stream overflow
loopback:send reliable stream overflow
loopback:send reliable stream overflow
loopback:send reliable stream overflow
loopback:send reliable stream overflow
loopback:send reliable stream overflow
loopback:send reliable stream overflow
loopback:send reliable stream overflow
loopback:send reliable stream overflow
loopback:send reliable stream overflow
loopback:send reliable stream overflow
loopback:send reliable stream overflow
loopback:send reliable stream overflow
loopback:send reliable stream overflow
loopback:send reliable stream overflow
loopback:send reliable stream overflow
loopback:send reliable stream overflow
loopback:send reliable stream overflow
loopback:send reliable stream overflow
loopback:send reliable stream overflow
loopback:send reliable stream overflow
loopback:send reliable stream overflow
loopback:send reliable stream overflow
loopback:send reliable stream overflow
loopback:send reliable stream overflow
loopback:send reliable stream overflow
loopback:send reliable stream overflow
loopback:send reliable stream overflow
loopback:send reliable stream overflow
loopback:send reliable stream overflow
loopback:send reliable stream overflow
loopback:send reliable stream overflow
loopback:send reliable stream overflow
loopback:send reliable stream overflow
loopback:send reliable stream overflow
loopback:send reliable stream overflow
loopback:send reliable stream overflow
loopback:send reliable stream overflow
loopback:send reliable stream overflow
loopback:send reliable stream overflow
loopback:send reliable stream overflow
loopback:send reliable stream overflow
loopback:send reliable stream overflow
loopback:send reliable stream overflow
loopback:send reliable stream overflow
loopback:send reliable stream overflow
loopback:send reliable stream overflow
loopback:send reliable stream overflow
loopback:send reliable stream overflow
loopback:send reliable stream overflow
loopback:send reliable stream overflow
loopback:send reliable stream overflow
loopback:send reliable stream overflow
loopback:send reliable stream overflow
loopback:send reliable stream overflow
loopback:send reliable stream overflow
loopback:send reliable stream overflow
loopback:send reliable stream overflow
loopback:send reliable stream overflow
loopback:send reliable stream overflow
loopback:send reliable stream overflow
loopback:send reliable stream overflow
loopback:send reliable stream overflow
loopback:send reliable stream overflow
loopback:send reliable stream overflow
loopback:send reliable stream overflow
loopback:send reliable stream overflow
loopback:send reliable stream overflow
loopback:send reliable stream overflow
loopback:send reliable stream overflow
loopback:send reliable stream overflow
loopback:send reliable stream overflow
loopback:send reliable stream overflow
loopback:send reliable stream overflow
loopback:send reliable stream overflow
loopback:send reliable stream overflow
loopback:send reliable stream overflow
loopback:send reliable stream overflow
loopback:send reliable stream overflow
loopback:send reliable stream overflow
loopback:send reliable stream overflow
loopback:send reliable stream overflow
loopback:send reliable stream overflow
loopback:send reliable stream overflow
loopback:send reliable stream overflow
loopback:send reliable stream overflow
loopback:send reliable stream overflow
loopback:send reliable stream overflow
loopback:send reliable stream overflow
loopback:send reliable stream overflow
loopback:send reliable stream overflow
loopback:send reliable stream overflow
loopback:send reliable stream overflow
loopback:send reliable stream overflow
loopback:send reliable stream overflow
loopback:send reliable stream overflow
loopback:send reliable stream overflow
loopback:send reliable stream overflow
loopback:send reliable stream overflow
loopback:send reliable stream overflow
loopback:send reliable stream overflow
loopback:send reliable stream overflow
loopback:send reliable stream overflow
loopback:send reliable stream overflow
loopback:send reliable stream overflow
loopback:send reliable stream overflow
loopback:send reliable stream overflow
loopback:send reliable stream overflow
loopback:send reliable stream overflow
loopback:send reliable stream overflow
loopback:send reliable stream overflow
loopback:send reliable stream overflow
loopback:send reliable stream overflow
loopback:send reliable stream overflow
loopback:send reliable stream overflow
loopback:send reliable stream overflow
loopback:send reliable stream overflow
loopback:send reliable stream overflow
loopback:send reliable stream overflow
loopback:send reliable stream overflow
loopback:send reliable stream overflow
loopback:send reliable stream overflow
loopback:send reliable stream overflow
loopback:send reliable stream overflow
loopback:send reliable stream overflow
loopback:send reliable stream overflow
loopback:send reliable stream overflow
loopback:send reliable stream overflow
loopback:send reliable stream overflow
loopback:send reliable stream overflow
loopback:send reliable stream overflow
loopback:send reliable stream overflow
loopback:send reliable stream overflow
loopback:send reliable stream overflow
loopback:send reliable stream overflow
loopback:send reliable stream overflow
loopback:send reliable stream overflow
loopback:send reliable stream overflow
loopback:send reliable stream overflow
loopback:send reliable stream overflow
loopback:send reliable stream overflow
loopback:send reliable stream overflow
loopback:send reliable stream overflow
loopback:send reliable stream overflow
loopback:send reliable stream overflow
loopback:send reliable stream overflow
loopback:send reliable stream overflow
loopback:send reliable stream overflow
loopback:send reliable stream overflow
loopback:send reliable stream overflow
loopback:send reliable stream overflow
loopback:send reliable stream overflow
loopback:send reliable stream overflow
loopback:send reliable stream overflow
loopback:send reliable stream overflow
loopback:send reliable stream overflow
loopback:send reliable stream overflow
loopback:send reliable stream overflow
loopback:send reliable stream overflow
loopback:send reliable stream overflow
loopback:send reliable stream overflow
loopback:send reliable stream overflow
loopback:send reliable stream overflow
loopback:send reliable stream overflow
loopback:send reliable stream overflow
loopback:send reliable stream overflow
loopback:send reliable stream overflow
loopback:send reliable stream overflow
loopback:send reliable stream overflow
loopback:send reliable stream overflow
loopback:send reliable stream overflow
loopback:send reliable stream overflow
loopback:send reliable stream overflow
loopback:send reliable stream overflow
loopback:send reliable stream overflow
loopback:send reliable stream overflow
loopback:send reliable stream overflow
loopback:send reliable stream overflow
loopback:send reliable stream overflow
loopback:send reliable stream overflow
loopback:send reliable stream overflow
loopback:send reliable stream overflow
loopback:send reliable stream overflow
loopback:send reliable stream overflow
loopback:send reliable stream overflow
loopback:send reliable stream overflow
loopback:send reliable stream overflow
loopback:send reliable stream overflow
loopback:send reliable stream overflow
loopback:send reliable stream overflow
loopback:send reliable stream overflow
loopback:send reliable stream overflow
loopback:send reliable stream overflow
loopback:send reliable stream overflow
loopback:send reliable stream overflow
loopback:send reliable stream overflow
loopback:send reliable stream overflow
loopback:send reliable stream overflow
loopback:send reliable stream overflow
loopback:send reliable stream overflow
loopback:send reliable stream overflow
loopback:send reliable stream overflow
loopback:send reliable stream overflow
loopback:send reliable stream overflow
loopback:send reliable stream overflow
loopback:send reliable stream overflow
loopback:send reliable stream overflow
loopback:send reliable stream overflow
loopback:send reliable stream overflow
loopback:send reliable stream overflow
loopback:send reliable stream overflow
loopback:send reliable stream overflow
loopback:send reliable stream overflow
loopback:send reliable stream overflow
loopback:send reliable stream overflow
loopback:send reliable stream overflow
loopback:send reliable stream overflow
loopback:send reliable stream overflow
loopback:send reliable stream overflow
loopback:send reliable stream overflow
loopback:send reliable stream overflow
loopback:send reliable stream overflow
loopback:send reliable stream overflow
loopback:send reliable stream overflow
loopback:send reliable stream overflow
loopback:send reliable stream overflow
loopback:send reliable stream overflow
loopback:send reliable stream overflow
loopback:send reliable stream overflow
loopback:send reliable stream overflow
loopback:send reliable stream overflow
loopback:send reliable stream overflow
loopback:send reliable stream overflow
loopback:send reliable stream overflow
loopback:send reliable stream overflow
loopback:send reliable stream overflow
loopback:send reliable stream overflow
loopback:send reliable stream overflow
loopback:send reliable stream overflow
loopback:send reliable stream overflow
loopback:send reliable stream overflow
loopback:send reliable stream overflow
loopback:send reliable stream overflow
loopback:send reliable stream overflow
loopback:send reliable stream overflow
loopback:send reliable stream overflow
loopback:send reliable stream overflow
loopback:send reliable stream overflow
loopback:send reliable stream overflow
loopback:send reliable stream overflow
loopback:send reliable stream overflow
loopback:send reliable stream overflow
loopback:send reliable stream overflow
loopback:send reliable stream overflow
loopback:send reliable stream overflow
loopback:send reliable stream overflow
loopback:send reliable stream overflow
loopback:send reliable stream overflow
loopback:send reliable stream overflow
loopback:send reliable stream overflow
loopback:send reliable stream overflow
loopback:send reliable stream overflow
loopback:send reliable stream overflow
loopback:send reliable stream overflow
loopback:send reliable stream overflow
loopback:send reliable stream overflow
loopback:send reliable stream overflow
loopback:send reliable stream overflow
loopback:send reliable stream overflow
loopback:send reliable stream overflow
loopback:send reliable stream overflow
loopback:send reliable stream overflow
loopback:send reliable stream overflow
loopback:send reliable stream overflow
loopback:send reliable stream overflow
loopback:send reliable stream overflow
loopback:send reliable stream overflow
loopback:send reliable stream overflow
loopback:send reliable stream overflow
loopback:send reliable stream overflow
loopback:send reliable stream overflow
loopback:send reliable stream overflow
loopback:send reliable stream overflow
loopback:send reliable stream overflow
loopback:send reliable stream overflow
loopback:send reliable stream overflow
loopback:send reliable stream overflow
loopback:send reliable stream overflow
loopback:send reliable stream overflow
loopback:send reliable stream overflow
loopback:send reliable stream overflow
loopback:send reliable stream overflow
loopback:send reliable stream overflow
loopback:send reliable stream overflow
loopback:send reliable stream overflow
loopback:send reliable stream overflow
loopback:send reliable stream overflow
loopback:send reliable stream overflow
loopback:send reliable stream overflow
loopback:send reliable stream overflow
loopback:send reliable stream overflow
loopback:send reliable stream overflow
loopback:send reliable stream overflow
loopback:send reliable stream overflow
loopback:send reliable stream overflow
loopback:send reliable stream overflow
loopback:send reliable stream overflow
loopback:send reliable stream overflow
loopback:send reliable stream overflow
loopback:send reliable stream overflow
loopback:send reliable stream overflow
loopback:send reliable stream overflow
loopback:send reliable stream overflow
loopback:send reliable stream overflow
loopback:send reliable stream overflow
loopback:send reliable stream overflow
loopback:send reliable stream overflow
loopback:send reliable stream overflow
loopback:send reliable stream overflow
loopback:send reliable stream overflow
loopback:send reliable stream overflow
loopback:send reliable stream overflow
loopback:send reliable stream overflow
loopback:send reliable stream overflow
loopback:send reliable stream overflow
loopback:send reliable stream overflow
loopback:send reliable stream overflow
loopback:send reliable stream overflow
loopback:send reliable stream overflow
loopback:send reliable stream overflow
loopback:send reliable stream overflow
loopback:send reliable stream overflow
loopback:send reliable stream overflow
loopback:send reliable stream overflow
loopback:send reliable stream overflow
loopback:send reliable stream overflow
loopback:send reliable stream overflow
loopback:send reliable stream overflow
loopback:send reliable stream overflow
loopback:send reliable stream overflow
loopback:send reliable stream overflow
loopback:send reliable stream overflow
loopback:send reliable stream overflow
loopback:send reliable stream overflow
loopback:send reliable stream overflow
loopback:send reliable stream overflow
loopback:send reliable stream overflow
loopback:send reliable stream overflow
loopback:send reliable stream overflow
loopback:send reliable stream overflow
loopback:send reliable stream overflow
loopback:send reliable stream overflow
loopback:send reliable stream overflow
loopback:send reliable stream overflow
loopback:send reliable stream overflow
loopback:send reliable stream overflow
loopback:send reliable stream overflow
loopback:send reliable stream overflow
loopback:send reliable stream overflow
loopback:send reliable stream overflow
loopback:send reliable stream overflow
loopback:send reliable stream overflow
loopback:send reliable stream overflow
loopback:send reliable stream overflow
loopback:send reliable stream overflow
loopback:send reliable stream overflow
loopback:send reliable stream overflow
loopback:send reliable stream overflow
loopback:send reliable stream overflow
loopback:send reliable stream overflow
loopback:send reliable stream overflow
loopback:send reliable stream overflow
loopback:send reliable stream overflow
loopback:send reliable stream overflow
loopback:send reliable stream overflow
loopback:send reliable stream overflow
loopback:send reliable stream overflow
loopback:send reliable stream overflow
loopback:send reliable stream overflow
loopback:send reliable stream overflow
loopback:send reliable stream overflow
loopback:send reliable stream overflow
loopback:send reliable stream overflow
loopback:send reliable stream overflow
loopback:send reliable stream overflow
loopback:send reliable stream overflow
loopback:send reliable stream overflow
loopback:send reliable stream overflow
loopback:send reliable stream overflow
loopback:send reliable stream overflow
loopback:send reliable stream overflow
loopback:send reliable stream overflow
loopback:send reliable stream overflow
loopback:send reliable stream overflow
loopback:send reliable stream overflow
loopback:send reliable stream overflow
loopback:send reliable stream overflow
loopback:send reliable stream overflow
loopback:send reliable stream overflow
loopback:send reliable stream overflow
loopback:send reliable stream overflow
loopback:send reliable stream overflow
loopback:send reliable stream overflow
loopback:send reliable stream overflow
loopback:send reliable stream overflow
loopback:send reliable stream overflow
loopback:send reliable stream overflow
loopback:send reliable stream overflow
loopback:send reliable stream overflow
loopback:send reliable stream overflow
loopback:send reliable stream overflow
loopback:send reliable stream overflow
loopback:send reliable stream overflow
loopback:send reliable stream overflow
loopback:send reliable stream overflow
loopback:send reliable stream overflow
loopback:send reliable stream overflow
loopback:send reliable stream overflow
loopback:send reliable stream overflow
loopback:send reliable stream overflow
loopback:send reliable stream overflow
loopback:send reliable stream overflow
loopback:send reliable stream overflow
loopback:send reliable stream overflow
loopback:send reliable stream overflow
loopback:send reliable stream overflow
loopback:send reliable stream overflow
loopback:send reliable stream overflow
loopback:send reliable stream overflow
loopback:send reliable stream overflow
loopback:send reliable stream overflow
loopback:send reliable stream overflow
loopback:send reliable stream overflow
loopback:send reliable stream overflow
loopback:send reliable stream overflow
loopback:send reliable stream overflow
loopback:send reliable stream overflow
loopback:send reliable stream overflow
loopback:send reliable stream overflow
loopback:send reliable stream overflow
loopback:send reliable stream overflow
loopback:send reliable stream overflow
loopback:send reliable stream overflow
loopback:send reliable stream overflow
loopback:send reliable stream overflow
loopback:send reliable stream overflow
loopback:send reliable stream overflow
loopback:send reliable stream overflow
loopback:send reliable stream overflow
loopback:send reliable stream overflow
loopback:send reliable stream overflow
loopback:send reliable stream overflow
loopback:send reliable stream overflow
loopback:send reliable stream overflow
loopback:send reliable stream overflow
loopback:send reliable stream overflow
loopback:send reliable stream overflow
loopback:send reliable stream overflow
loopback:send reliable stream overflow
loopback:send reliable stream overflow
loopback:send reliable stream overflow
loopback:send reliable stream overflow
loopback:send reliable stream overflow
loopback:send reliable stream overflow
loopback:send reliable stream overflow
loopback:send reliable stream overflow
loopback:send reliable stream overflow
loopback:send reliable stream overflow
loopback:send reliable stream overflow
loopback:send reliable stream overflow
loopback:send reliable stream overflow
loopback:send reliable stream overflow
loopback:send reliable stream overflow
loopback:send reliable stream overflow
loopback:send reliable stream overflow
loopback:send reliable stream overflow
loopback:send reliable stream overflow
loopback:send reliable stream overflow
loopback:send reliable stream overflow
loopback:send reliable stream overflow
loopback:send reliable stream overflow
loopback:send reliable stream overflow
loopback:send reliable stream overflow
loopback:send reliable stream overflow
loopback:send reliable stream overflow
loopback:send reliable stream overflow
loopback:send reliable stream overflow
loopback:send reliable stream overflow
loopback:send reliable stream overflow
loopback:send reliable stream overflow
loopback:send reliable stream overflow
loopback:send reliable stream overflow
loopback:send reliable stream overflow
loopback:send reliable stream overflow
loopback:send reliable stream overflow
loopback:send reliable stream overflow
loopback:send reliable stream overflow
loopback:send reliable stream overflow
loopback:send reliable stream overflow
loopback:send reliable stream overflow
loopback:send reliable stream overflow
loopback:send reliable stream overflow
loopback:send reliable stream overflow
loopback:send reliable stream overflow
loopback:send reliable stream overflow
loopback:send reliable stream overflow
loopback:send reliable stream overflow
loopback:send reliable stream overflow
loopback:send reliable stream overflow
loopback:send reliable stream overflow
loopback:send reliable stream overflow
loopback:send reliable stream overflow
loopback:send reliable stream overflow
loopback:send reliable stream overflow
loopback:send reliable stream overflow
loopback:send reliable stream overflow
loopback:send reliable stream overflow
loopback:send reliable stream overflow
loopback:send reliable stream overflow
loopback:send reliable stream overflow
loopback:send reliable stream overflow
loopback:send reliable stream overflow
loopback:send reliable stream overflow
loopback:send reliable stream overflow
loopback:send reliable stream overflow
loopback:send reliable stream overflow
loopback:send reliable stream overflow
loopback:send reliable stream overflow
loopback:send reliable stream overflow
loopback:send reliable stream overflow
loopback:send reliable stream overflow
loopback:send reliable stream overflow
loopback:send reliable stream overflow
loopback:send reliable stream overflow
loopback:send reliable stream overflow
loopback:send reliable stream overflow
loopback:send reliable stream overflow
loopback:send reliable stream overflow
loopback:send reliable stream overflow
loopback:send reliable stream overflow
loopback:send reliable stream overflow
loopback:send reliable stream overflow
loopback:send reliable stream overflow
loopback:send reliable stream overflow
loopback:send reliable stream overflow
loopback:send reliable stream overflow
loopback:send reliable stream overflow
loopback:send reliable stream overflow
loopback:send reliable stream overflow
loopback:send reliable stream overflow
loopback:send reliable stream overflow
loopback:send reliable stream overflow
loopback:send reliable stream overflow
loopback:send reliable stream overflow
loopback:send reliable stream overflow
loopback:send reliable stream overflow
loopback:send reliable stream overflow
loopback:send reliable stream overflow
loopback:send reliable stream overflow
loopback:send reliable stream overflow
loopback:send reliable stream overflow
loopback:send reliable stream overflow
loopback:send reliable stream overflow
loopback:send reliable stream overflow
loopback:send reliable stream overflow
loopback:send reliable stream overflow
loopback:send reliable stream overflow
loopback:send reliable stream overflow
loopback:send reliable stream overflow
loopback:send reliable stream overflow
loopback:send reliable stream overflow
loopback:send reliable stream overflow
loopback:send reliable stream overflow
loopback:send reliable stream overflow
loopback:send reliable stream overflow
loopback:send reliable stream overflow
loopback:send reliable stream overflow
loopback:send reliable stream overflow
loopback:send reliable stream overflow
loopback:send reliable stream overflow
loopback:send reliable stream overflow
loopback:send reliable stream overflow
loopback:send reliable stream overflow
loopback:send reliable stream overflow
loopback:send reliable stream overflow
loopback:send reliable stream overflow
loopback:send reliable stream overflow
loopback:send reliable stream overflow
loopback:send reliable stream overflow
loopback:send reliable stream overflow
loopback:send reliable stream overflow
loopback:send reliable stream overflow
loopback:send reliable stream overflow
loopback:send reliable stream overflow
loopback:send reliable stream overflow
loopback:send reliable stream overflow
loopback:send reliable stream overflow
loopback:send reliable stream overflow
loopback:send reliable stream overflow
loopback:send reliable stream overflow
loopback:send reliable stream overflow
loopback:send reliable stream overflow
loopback:send reliable stream overflow
loopback:send reliable stream overflow
loopback:send reliable stream overflow
loopback:send reliable stream overflow
loopback:send reliable stream overflow
loopback:send reliable stream overflow
loopback:send reliable stream overflow
loopback:send reliable stream overflow
loopback:send reliable stream overflow
loopback:send reliable stream overflow
loopback:send reliable stream overflow
loopback:send reliable stream overflow
loopback:send reliable stream overflow
loopback:send reliable stream overflow
loopback:send reliable stream overflow
loopback:send reliable stream overflow
loopback:send reliable stream overflow
loopback:send reliable stream overflow
loopback:send reliable stream overflow
loopback:send reliable stream overflow
loopback:send reliable stream overflow
loopback:send reliable stream overflow
loopback:send reliable stream overflow
loopback:send reliable stream overflow
loopback:send reliable stream overflow
Completed demo, recording time 435.1, game frames 26168.
(Demo Support) End recording demos\2018-05-22_16-42-46
Dropped donk from server (Server shutting down)
SOLID_VPHYSICS static prop with no vphysics model! (models/props_spytech/radio_tower001.mdl)
Set motd from file 'cfg/motd_default.txt'.  ('cfg/motd.txt' was not found.)
Set motd_text from file 'cfg/motd_text_default.txt'.  ('cfg/motd_text.txt' was not found.)
SV_ActivateServer: setting tickrate to 66.7
Connection to game coordinator established.
Current item schema is up-to-date with version D15F0C0E.
'listenserver.cfg' not present; not executing.
'cp_process_final.cfg' not present; not executing.

Team Fortress
Map: cp_process_final
Players: 1 / 24
Build: 4516743
Server Number: 2

Client reached server_spawn.
Recognizing MM server id [A:1:1441814535:9947]
Attemped to precache unknown particle system "blood_impact_red"!
The server is using sv_pure 0.  (Enforcing consistency for select files only)
Voice_Init: Using Steam voice optimal sample rate 24000
donk connected
Compact freed 647168 bytes
Redownloading all lightmaps
Can't change fps_max when playing, disconnect from the server or switch team to spectators
HDR Disabled
--------------------------------------------------------- 
Comanglia' frames config loaded. Inspired by Chris config 
--------------------------------------------------------- 
Crouch Jump Loaded Properly. 
(Demo Support) Start recording demos\2018-05-22_16-50-15
Unknown command: mat_shadowstate
Unknown command: cl_threaded_bone_setup
Unknown command: vstat
Unknown command: mat_shadowstate
Unknown command: tf_casual_welcome_hide_forever
Unknown command: tf_comp_welcome_hide_forever
Achievements disabled: cheats turned on in this app session.
Recording to demos\2018-05-22_16-50-15.dem...
Can't change fps_max when playing, disconnect from the server or switch team to spectators
HDR Disabled
--------------------------------------------------------- 
Comanglia' frames config loaded. Inspired by Chris config 
--------------------------------------------------------- 
Crouch Jump Loaded Properly. 
Unknown command: mat_shadowstate
Unknown command: cl_threaded_bone_setup
Unknown command: vstat
Unknown command: mat_shadowstate
Unknown command: tf_casual_welcome_hide_forever
Unknown command: tf_comp_welcome_hide_forever
Achievements disabled: cheats turned on in this app session.
Can't change fps_max when playing, disconnect from the server or switch team to spectators
HDR Disabled
--------------------------------------------------------- 
Comanglia' frames config loaded. Inspired by Chris config 
--------------------------------------------------------- 
Crouch Jump Loaded Properly. 
Unknown command: mat_shadowstate
Unknown command: cl_threaded_bone_setup
Unknown command: vstat
Unknown command: mat_shadowstate
Unknown command: tf_casual_welcome_hide_forever
Unknown command: tf_comp_welcome_hide_forever
#### Regen activated #### 
##### Listen server teleports loaded ##### 
#  Use <Alt> + <F1> to save a location   # 
#  Use <F1> to teleport to that location # 
#  <F1> - <F5> are available             # 
#### Jumping script loaded ##### 
No caption found for 'soldier.painsevere04'
No caption found for 'soldier.painsevere03'
No caption found for 'soldier.battlecry01'
setpos -2432.031250 -2149.262207 772.031311;setang 23.303551 121.259651 0.000000
setpos -1109.132202 3.650537 166.970215;setang 12.892841 162.323471 0.000000
setpos -1109.132202 3.650537 167.703796;setang 10.398051 -6.900962 0.000000
